🔌 Selected Data Provider: binance
🎯 Target Stock: BTCUSDT
🌐 Data Source: Default API
🔥 正在预热策略内阁 (获取 BTCUSDT 历史数据)...
当前正在拉取K线数据：BTCUSDT 1min
❌ 无法获取最新行情，预热失败。

🚀 【三省六部】实时监控已启动
👁️  监控标的: BTCUSDT
🛡️  运行策略: 激活 2 / 总计 2 套
⚠️ 真实数据预热失败，将使用【模拟数据模式】进行演示...
--------------------------------------------------

🆕 新K线生成: 2026-04-06 10:28:29.834765 | Close: 15.09
   ⏱ 本tick触发周期与策略: 无
   📋 本tick策略列表: 无
   💤 无策略信号

🆕 新K线生成: 2026-04-06 10:29:29.834765 | Close: 15.18
   ⏱ 本tick触发周期与策略: 无
   📋 本tick策略列表: 无
   💤 无策略信号

🆕 新K线生成: 2026-04-06 10:30:29.834765 | Close: 15.10
   ⏱ 本tick触发周期与策略: 15min:18
   📋 本tick策略列表: 18-18 - 牛旗形态趋势延续
Fetching data for BTCUSDT from 2026-03-23 10:30:29.834765 to 2026-04-06 10:30:29.834765...
   💤 无策略信号

🆕 新K线生成: 2026-04-06 10:31:29.834765 | Close: 14.96
   ⏱ 本tick触发周期与策略: 无
   📋 本tick策略列表: 无
   💤 无策略信号

🆕 新K线生成: 2026-04-06 10:32:29.834765 | Close: 15.00
   ⏱ 本tick触发周期与策略: 无
   📋 本tick策略列表: 无
   💤 无策略信号

🆕 新K线生成: 2026-04-06 10:33:29.834765 | Close: 14.91
   ⏱ 本tick触发周期与策略: 无
   📋 本tick策略列表: 无
   💤 无策略信号

🆕 新K线生成: 2026-04-06 10:34:29.834765 | Close: 14.78
   ⏱ 本tick触发周期与策略: 无
   📋 本tick策略列表: 无
   💤 无策略信号

🆕 新K线生成: 2026-04-06 10:35:29.834765 | Close: 14.80
   ⏱ 本tick触发周期与策略: 无
   📋 本tick策略列表: 无
   💤 无策略信号

🆕 新K线生成: 2026-04-06 10:36:29.834765 | Close: 14.94
   ⏱ 本tick触发周期与策略: 无
   📋 本tick策略列表: 无
   💤 无策略信号

🆕 新K线生成: 2026-04-06 10:37:29.834765 | Close: 14.87
   ⏱ 本tick触发周期与策略: 无
   📋 本tick策略列表: 无
   💤 无策略信号

🆕 新K线生成: 2026-04-06 10:38:29.834765 | Close: 14.76
   ⏱ 本tick触发周期与策略: 无
   📋 本tick策略列表: 无
   💤 无策略信号

🆕 新K线生成: 2026-04-06 10:39:29.834765 | Close: 14.78
   ⏱ 本tick触发周期与策略: 无
   📋 本tick策略列表: 无
   💤 无策略信号

🆕 新K线生成: 2026-04-06 10:40:29.834765 | Close: 14.73
   ⏱ 本tick触发周期与策略: 无
   📋 本tick策略列表: 无
   💤 无策略信号

🆕 新K线生成: 2026-04-06 10:41:29.834765 | Close: 14.59
   ⏱ 本tick触发周期与策略: 无
   📋 本tick策略列表: 无
   💤 无策略信号

🆕 新K线生成: 2026-04-06 10:42:29.834765 | Close: 14.51
   ⏱ 本tick触发周期与策略: 无
   📋 本tick策略列表: 无
   💤 无策略信号
